{
  "RSpec": {
    "coverage": {
      "/Users/Alex/Documents/Makers/week4/diary/app.rb": {
        "lines": [
          1,
          null,
          1,
          null,
          1,
          1,
          null,
          null,
          1,
          1,
          null,
          null,
          1,
          null
        ]
      },
      "/Users/Alex/Documents/Makers/week4/diary/spec/add_entry_spec.rb": {
        "lines": [
          1,
          null,
          1,
          2,
          1,
          1,
          null,
          null
        ]
      },
      "/Users/Alex/Documents/Makers/week4/diary/lib/add_entry.rb": {
        "lines": [
          1,
          null,
          1,
          null,
          1,
          1,
          null,
          null
        ]
      },
      "/Users/Alex/Documents/Makers/week4/diary/spec/features/diary_spec.rb": {
        "lines": [
          1,
          1,
          1,
          1,
          null,
          null
        ]
      },
      "/Users/Alex/Documents/Makers/week4/diary/spec/features/infra_test_spec.rb": {
        "lines": [
          1,
          1,
          1,
          1,
          null,
          null
        ]
      }
    },
    "timestamp": 1586343317
  }
}
