{
  "RSpec": {
    "coverage": {
      "/Users/Alex/Documents/Makers/week4/diary/app.rb": {
        "lines": [
          1,
          1,
          null,
          1,
          null,
          1,
          1,
          null,
          null,
          1,
          2,
          2,
          null,
          null,
          1,
          1,
          null,
          null,
          1,
          1,
          1,
          null,
          null,
          1,
          null
        ]
      },
      "/Users/Alex/Documents/Makers/week4/diary/lib/diary.rb": {
        "lines": [
          1,
          null,
          1,
          null,
          1,
          6,
          6,
          null,
          0,
          null,
          6,
          20,
          null,
          null,
          1,
          2,
          2,
          null,
          0,
          null,
          null,
          2,
          null,
          null
        ]
      },
      "/Users/Alex/Documents/Makers/week4/diary/spec/diary_spec.rb": {
        "lines": [
          1,
          null,
          1,
          1,
          1,
          null,
          1,
          1,
          1,
          null,
          1,
          1,
          1,
          null,
          null,
          null,
          1,
          1,
          1,
          null,
          1,
          null,
          null
        ]
      },
      "/Users/Alex/Documents/Makers/week4/diary/spec/features/diary_spec.rb": {
        "lines": [
          1,
          1,
          1,
          null,
          1,
          1,
          1,
          null,
          1,
          1,
          1,
          1,
          null,
          null,
          null,
          1,
          1,
          1,
          1,
          1,
          null,
          1,
          null,
          null
        ]
      },
      "/Users/Alex/Documents/Makers/week4/diary/spec/features/infra_test_spec.rb": {
        "lines": [
          1,
          1,
          1,
          1,
          null,
          null
        ]
      }
    },
    "timestamp": 1586445545
  }
}
